 
============================================ 
  NB Tracker Scrape  04-Jul-26 10:39:58.19 
============================================ 
[PULL] Povlacim najnoviju verziju koda... 
error: cannot pull with rebase: You have unstaged changes.
error: Please commit or stash them.
[1/4] Halo Oglasi - Prodaja... 

=== NB Tracker - Halo Oglasi [dva koraka] [prodaja] ===

[Korak 1] Skupljam URL-ove oglasa...
  Listing str. 1: https://www.halooglasi.com/nekretnine/prodaja-stanova/beograd-novi-beograd
    -> 20 novih URL-ova (ukupno: 20, kartica na str: 24)
  Listing str. 2: https://www.halooglasi.com/nekretnine/prodaja-stanova/beograd-novi-beograd?page=2
    -> 20 novih URL-ova (ukupno: 40, kartica na str: 24)
  Listing str. 3: https://www.halooglasi.com/nekretnine/prodaja-stanova/beograd-novi-beograd?page=3
    -> 21 novih URL-ova (ukupno: 61, kartica na str: 24)
  Listing str. 4: https://www.halooglasi.com/nekretnine/prodaja-stanova/beograd-novi-beograd?page=4
    -> 20 novih URL-ova (ukupno: 81, kartica na str: 20)
  Listing str. 5: https://www.halooglasi.com/nekretnine/prodaja-stanova/beograd-novi-beograd?page=5
    -> 20 novih URL-ova (ukupno: 101, kartica na str: 20)
  Listing str. 6: https://www.halooglasi.com/nekretnine/prodaja-stanova/beograd-novi-beograd?page=6
    -> 20 novih URL-ova (ukupno: 121, kartica na str: 20)
  Listing str. 7: https://www.halooglasi.com/nekretnine/prodaja-stanova/beograd-novi-beograd?page=7
    -> 20 novih URL-ova (ukupno: 141, kartica na str: 20)
  Listing str. 8: https://www.halooglasi.com/nekretnine/prodaja-stanova/beograd-novi-beograd?page=8
    -> 20 novih URL-ova (ukupno: 161, kartica na str: 20)
  Listing str. 9: https://www.halooglasi.com/nekretnine/prodaja-stanova/beograd-novi-beograd?page=9
    -> 20 novih URL-ova (ukupno: 181, kartica na str: 20)
  Listing str. 10: https://www.halooglasi.com/nekretnine/prodaja-stanova/beograd-novi-beograd?page=10
    -> 20 novih URL-ova (ukupno: 201, kartica na str: 20)
  Listing str. 11: https://www.halooglasi.com/nekretnine/prodaja-stanova/beograd-novi-beograd?page=11
    -> 20 novih URL-ova (ukupno: 221, kartica na str: 20)
  Listing str. 12: https://www.halooglasi.com/nekretnine/prodaja-stanova/beograd-novi-beograd?page=12
    -> 20 novih URL-ova (ukupno: 241, kartica na str: 20)
  Listing str. 13: https://www.halooglasi.com/nekretnine/prodaja-stanova/beograd-novi-beograd?page=13
    -> 20 novih URL-ova (ukupno: 261, kartica na str: 20)
  Listing str. 14: https://www.halooglasi.com/nekretnine/prodaja-stanova/beograd-novi-beograd?page=14
    -> 20 novih URL-ova (ukupno: 281, kartica na str: 20)
  Listing str. 15: https://www.halooglasi.com/nekretnine/prodaja-stanova/beograd-novi-beograd?page=15
    -> 20 novih URL-ova (ukupno: 301, kartica na str: 20)
  Listing str. 16: https://www.halooglasi.com/nekretnine/prodaja-stanova/beograd-novi-beograd?page=16
    -> 20 novih URL-ova (ukupno: 321, kartica na str: 20)
  Listing str. 17: https://www.halooglasi.com/nekretnine/prodaja-stanova/beograd-novi-beograd?page=17
    -> 20 novih URL-ova (ukupno: 341, kartica na str: 20)
  Listing str. 18: https://www.halooglasi.com/nekretnine/prodaja-stanova/beograd-novi-beograd?page=18
    -> 20 novih URL-ova (ukupno: 361, kartica na str: 20)
  Listing str. 19: https://www.halooglasi.com/nekretnine/prodaja-stanova/beograd-novi-beograd?page=19
    -> 20 novih URL-ova (ukupno: 381, kartica na str: 20)
  Listing str. 20: https://www.halooglasi.com/nekretnine/prodaja-stanova/beograd-novi-beograd?page=20
    -> 20 novih URL-ova (ukupno: 401, kartica na str: 20)
  Listing str. 21: https://www.halooglasi.com/nekretnine/prodaja-stanova/beograd-novi-beograd?page=21
    -> 20 novih URL-ova (ukupno: 421, kartica na str: 20)
  Listing str. 22: https://www.halooglasi.com/nekretnine/prodaja-stanova/beograd-novi-beograd?page=22
    -> 20 novih URL-ova (ukupno: 441, kartica na str: 20)
  Listing str. 23: https://www.halooglasi.com/nekretnine/prodaja-stanova/beograd-novi-beograd?page=23
    -> 20 novih URL-ova (ukupno: 461, kartica na str: 20)
  Listing str. 24: https://www.halooglasi.com/nekretnine/prodaja-stanova/beograd-novi-beograd?page=24
    -> 20 novih URL-ova (ukupno: 481, kartica na str: 20)
  Listing str. 25: https://www.halooglasi.com/nekretnine/prodaja-stanova/beograd-novi-beograd?page=25
    -> 20 novih URL-ova (ukupno: 501, kartica na str: 20)
  Listing str. 26: https://www.halooglasi.com/nekretnine/prodaja-stanova/beograd-novi-beograd?page=26
    -> 20 novih URL-ova (ukupno: 521, kartica na str: 20)
  Listing str. 27: https://www.halooglasi.com/nekretnine/prodaja-stanova/beograd-novi-beograd?page=27
    -> 20 novih URL-ova (ukupno: 541, kartica na str: 20)
  Listing str. 28: https://www.halooglasi.com/nekretnine/prodaja-stanova/beograd-novi-beograd?page=28
    -> 20 novih URL-ova (ukupno: 561, kartica na str: 20)
  Listing str. 29: https://www.halooglasi.com/nekretnine/prodaja-stanova/beograd-novi-beograd?page=29
    -> 20 novih URL-ova (ukupno: 581, kartica na str: 20)
  Listing str. 30: https://www.halooglasi.com/nekretnine/prodaja-stanova/beograd-novi-beograd?page=30
    -> 20 novih URL-ova (ukupno: 601, kartica na str: 20)
  Listing str. 31: https://www.halooglasi.com/nekretnine/prodaja-stanova/beograd-novi-beograd?page=31
    -> 20 novih URL-ova (ukupno: 621, kartica na str: 20)
  Listing str. 32: https://www.halooglasi.com/nekretnine/prodaja-stanova/beograd-novi-beograd?page=32
    -> 20 novih URL-ova (ukupno: 641, kartica na str: 20)
  Listing str. 33: https://www.halooglasi.com/nekretnine/prodaja-stanova/beograd-novi-beograd?page=33
    -> 20 novih URL-ova (ukupno: 661, kartica na str: 20)
  Listing str. 34: https://www.halooglasi.com/nekretnine/prodaja-stanova/beograd-novi-beograd?page=34
    -> 19 novih URL-ova (ukupno: 680, kartica na str: 20)
  Listing str. 35: https://www.halooglasi.com/nekretnine/prodaja-stanova/beograd-novi-beograd?page=35
    -> 20 novih URL-ova (ukupno: 700, kartica na str: 20)
  Listing str. 36: https://www.halooglasi.com/nekretnine/prodaja-stanova/beograd-novi-beograd?page=36
    -> 20 novih URL-ova (ukupno: 720, kartica na str: 20)
  Listing str. 37: https://www.halooglasi.com/nekretnine/prodaja-stanova/beograd-novi-beograd?page=37
    -> 20 novih URL-ova (ukupno: 740, kartica na str: 20)
  Listing str. 38: https://www.halooglasi.com/nekretnine/prodaja-stanova/beograd-novi-beograd?page=38
    -> 20 novih URL-ova (ukupno: 760, kartica na str: 20)
  Listing str. 39: https://www.halooglasi.com/nekretnine/prodaja-stanova/beograd-novi-beograd?page=39
    -> 20 novih URL-ova (ukupno: 780, kartica na str: 20)
  Listing str. 40: https://www.halooglasi.com/nekretnine/prodaja-stanova/beograd-novi-beograd?page=40
    -> 20 novih URL-ova (ukupno: 800, kartica na str: 20)
  Listing str. 41: https://www.halooglasi.com/nekretnine/prodaja-stanova/beograd-novi-beograd?page=41
    -> 20 novih URL-ova (ukupno: 820, kartica na str: 20)
  Listing str. 42: https://www.halooglasi.com/nekretnine/prodaja-stanova/beograd-novi-beograd?page=42
    -> 20 novih URL-ova (ukupno: 840, kartica na str: 20)
  Listing str. 43: https://www.halooglasi.com/nekretnine/prodaja-stanova/beograd-novi-beograd?page=43
    -> 20 novih URL-ova (ukupno: 860, kartica na str: 20)
  Listing str. 44: https://www.halooglasi.com/nekretnine/prodaja-stanova/beograd-novi-beograd?page=44
    -> 20 novih URL-ova (ukupno: 880, kartica na str: 20)
  Listing str. 45: https://www.halooglasi.com/nekretnine/prodaja-stanova/beograd-novi-beograd?page=45
    -> 20 novih URL-ova (ukupno: 900, kartica na str: 20)
  Listing str. 46: https://www.halooglasi.com/nekretnine/prodaja-stanova/beograd-novi-beograd?page=46
    -> 20 novih URL-ova (ukupno: 920, kartica na str: 20)
  Listing str. 47: https://www.halooglasi.com/nekretnine/prodaja-stanova/beograd-novi-beograd?page=47
    -> 20 novih URL-ova (ukupno: 940, kartica na str: 20)
  Listing str. 48: https://www.halooglasi.com/nekretnine/prodaja-stanova/beograd-novi-beograd?page=48
    -> 20 novih URL-ova (ukupno: 960, kartica na str: 20)
  Listing str. 49: https://www.halooglasi.com/nekretnine/prodaja-stanova/beograd-novi-beograd?page=49
    -> 20 novih URL-ova (ukupno: 980, kartica na str: 20)
  Listing str. 50: https://www.halooglasi.com/nekretnine/prodaja-stanova/beograd-novi-beograd?page=50
    -> 20 novih URL-ova (ukupno: 1000, kartica na str: 20)
  Listing str. 51: https://www.halooglasi.com/nekretnine/prodaja-stanova/beograd-novi-beograd?page=51
    -> 20 novih URL-ova (ukupno: 1020, kartica na str: 20)
  Listing str. 52: https://www.halooglasi.com/nekretnine/prodaja-stanova/beograd-novi-beograd?page=52
    -> 20 novih URL-ova (ukupno: 1040, kartica na str: 20)
  Listing str. 53: https://www.halooglasi.com/nekretnine/prodaja-stanova/beograd-novi-beograd?page=53
    -> 16 novih URL-ova (ukupno: 1056, kartica na str: 16)
  Listing str. 54: https://www.halooglasi.com/nekretnine/prodaja-stanova/beograd-novi-beograd?page=54
    -> 0 novih URL-ova (ukupno: 1056, kartica na str: 0)
  Nema vise kartica, stajem.

Ukupno URL-ova: 1056 | Agencija pronađeno: 777

[Korak 2] Scrape-ujem 1056 oglasa paralelno (8 threadova)...
  20/1056 oglasa (3 relevantnih)...
  40/1056 oglasa (6 relevantnih)...
  60/1056 oglasa (11 relevantnih)...
  80/1056 oglasa (16 relevantnih)...
  100/1056 oglasa (17 relevantnih)...
  120/1056 oglasa (19 relevantnih)...
  140/1056 oglasa (26 relevantnih)...
  160/1056 oglasa (37 relevantnih)...
  180/1056 oglasa (39 relevantnih)...
  200/1056 oglasa (44 relevantnih)...
  220/1056 oglasa (49 relevantnih)...
  240/1056 oglasa (60 relevantnih)...
  260/1056 oglasa (62 relevantnih)...
  280/1056 oglasa (67 relevantnih)...
  300/1056 oglasa (74 relevantnih)...
  320/1056 oglasa (77 relevantnih)...
  340/1056 oglasa (84 relevantnih)...
  360/1056 oglasa (86 relevantnih)...
  380/1056 oglasa (91 relevantnih)...
  400/1056 oglasa (99 relevantnih)...
  420/1056 oglasa (105 relevantnih)...
  440/1056 oglasa (109 relevantnih)...
  460/1056 oglasa (114 relevantnih)...
  480/1056 oglasa (116 relevantnih)...
  500/1056 oglasa (118 relevantnih)...
  520/1056 oglasa (122 relevantnih)...
  540/1056 oglasa (125 relevantnih)...
  560/1056 oglasa (129 relevantnih)...
  580/1056 oglasa (135 relevantnih)...
  600/1056 oglasa (140 relevantnih)...
  620/1056 oglasa (143 relevantnih)...
  640/1056 oglasa (149 relevantnih)...
  660/1056 oglasa (153 relevantnih)...
  680/1056 oglasa (154 relevantnih)...
  700/1056 oglasa (159 relevantnih)...
  720/1056 oglasa (167 relevantnih)...
  740/1056 oglasa (171 relevantnih)...
  760/1056 oglasa (176 relevantnih)...
  780/1056 oglasa (183 relevantnih)...
  800/1056 oglasa (188 relevantnih)...
  820/1056 oglasa (190 relevantnih)...
  840/1056 oglasa (194 relevantnih)...
  860/1056 oglasa (201 relevantnih)...
  880/1056 oglasa (206 relevantnih)...
  900/1056 oglasa (210 relevantnih)...
  920/1056 oglasa (213 relevantnih)...
  940/1056 oglasa (214 relevantnih)...
  960/1056 oglasa (216 relevantnih)...
  980/1056 oglasa (221 relevantnih)...
  1000/1056 oglasa (224 relevantnih)...
  1020/1056 oglasa (228 relevantnih)...
  1040/1056 oglasa (233 relevantnih)...

Sacuvano: latest_halo_prodaja.json
URL-ova: 1056 | Relevantnih: 237 | Unique: 169
Novi: 2 | Skinutih: 2
  Istorija azurirana: history_halo_prodaja.json
[2/4] Halo Oglasi - Renta... 

=== NB Tracker - Halo Oglasi [dva koraka] [renta] ===

[Korak 1] Skupljam URL-ove oglasa...
  Listing str. 1: https://www.halooglasi.com/nekretnine/izdavanje-stanova/beograd-novi-beograd
    -> 20 novih URL-ova (ukupno: 20, kartica na str: 23)
  Listing str. 2: https://www.halooglasi.com/nekretnine/izdavanje-stanova/beograd-novi-beograd?page=2
    -> 20 novih URL-ova (ukupno: 40, kartica na str: 20)
  Listing str. 3: https://www.halooglasi.com/nekretnine/izdavanje-stanova/beograd-novi-beograd?page=3
    -> 20 novih URL-ova (ukupno: 60, kartica na str: 20)
  Listing str. 4: https://www.halooglasi.com/nekretnine/izdavanje-stanova/beograd-novi-beograd?page=4
    -> 20 novih URL-ova (ukupno: 80, kartica na str: 20)
  Listing str. 5: https://www.halooglasi.com/nekretnine/izdavanje-stanova/beograd-novi-beograd?page=5
    -> 20 novih URL-ova (ukupno: 100, kartica na str: 20)
  Listing str. 6: https://www.halooglasi.com/nekretnine/izdavanje-stanova/beograd-novi-beograd?page=6
    -> 20 novih URL-ova (ukupno: 120, kartica na str: 20)
  Listing str. 7: https://www.halooglasi.com/nekretnine/izdavanje-stanova/beograd-novi-beograd?page=7
    -> 20 novih URL-ova (ukupno: 140, kartica na str: 20)
  Listing str. 8: https://www.halooglasi.com/nekretnine/izdavanje-stanova/beograd-novi-beograd?page=8
    -> 20 novih URL-ova (ukupno: 160, kartica na str: 20)
  Listing str. 9: https://www.halooglasi.com/nekretnine/izdavanje-stanova/beograd-novi-beograd?page=9
    -> 20 novih URL-ova (ukupno: 180, kartica na str: 20)
  Listing str. 10: https://www.halooglasi.com/nekretnine/izdavanje-stanova/beograd-novi-beograd?page=10
    -> 20 novih URL-ova (ukupno: 200, kartica na str: 20)
  Listing str. 11: https://www.halooglasi.com/nekretnine/izdavanje-stanova/beograd-novi-beograd?page=11
    -> 20 novih URL-ova (ukupno: 220, kartica na str: 20)
  Listing str. 12: https://www.halooglasi.com/nekretnine/izdavanje-stanova/beograd-novi-beograd?page=12
    -> 20 novih URL-ova (ukupno: 240, kartica na str: 20)
  Listing str. 13: https://www.halooglasi.com/nekretnine/izdavanje-stanova/beograd-novi-beograd?page=13
    -> 20 novih URL-ova (ukupno: 260, kartica na str: 20)
  Listing str. 14: https://www.halooglasi.com/nekretnine/izdavanje-stanova/beograd-novi-beograd?page=14
    -> 20 novih URL-ova (ukupno: 280, kartica na str: 20)
  Listing str. 15: https://www.halooglasi.com/nekretnine/izdavanje-stanova/beograd-novi-beograd?page=15
    -> 20 novih URL-ova (ukupno: 300, kartica na str: 20)
  Listing str. 16: https://www.halooglasi.com/nekretnine/izdavanje-stanova/beograd-novi-beograd?page=16
    -> 20 novih URL-ova (ukupno: 320, kartica na str: 20)
  Listing str. 17: https://www.halooglasi.com/nekretnine/izdavanje-stanova/beograd-novi-beograd?page=17
    -> 20 novih URL-ova (ukupno: 340, kartica na str: 20)
  Listing str. 18: https://www.halooglasi.com/nekretnine/izdavanje-stanova/beograd-novi-beograd?page=18
    -> 20 novih URL-ova (ukupno: 360, kartica na str: 20)
  Listing str. 19: https://www.halooglasi.com/nekretnine/izdavanje-stanova/beograd-novi-beograd?page=19
    -> 20 novih URL-ova (ukupno: 380, kartica na str: 20)
  Listing str. 20: https://www.halooglasi.com/nekretnine/izdavanje-stanova/beograd-novi-beograd?page=20
    -> 20 novih URL-ova (ukupno: 400, kartica na str: 20)
  Listing str. 21: https://www.halooglasi.com/nekretnine/izdavanje-stanova/beograd-novi-beograd?page=21
    -> 20 novih URL-ova (ukupno: 420, kartica na str: 20)
  Listing str. 22: https://www.halooglasi.com/nekretnine/izdavanje-stanova/beograd-novi-beograd?page=22
    -> 20 novih URL-ova (ukupno: 440, kartica na str: 20)
  Listing str. 23: https://www.halooglasi.com/nekretnine/izdavanje-stanova/beograd-novi-beograd?page=23
    -> 20 novih URL-ova (ukupno: 460, kartica na str: 20)
  Listing str. 24: https://www.halooglasi.com/nekretnine/izdavanje-stanova/beograd-novi-beograd?page=24
    -> 20 novih URL-ova (ukupno: 480, kartica na str: 20)
  Listing str. 25: https://www.halooglasi.com/nekretnine/izdavanje-stanova/beograd-novi-beograd?page=25
    -> 20 novih URL-ova (ukupno: 500, kartica na str: 20)
  Listing str. 26: https://www.halooglasi.com/nekretnine/izdavanje-stanova/beograd-novi-beograd?page=26
    -> 20 novih URL-ova (ukupno: 520, kartica na str: 20)
  Listing str. 27: https://www.halooglasi.com/nekretnine/izdavanje-stanova/beograd-novi-beograd?page=27
    -> 20 novih URL-ova (ukupno: 540, kartica na str: 20)
  Listing str. 28: https://www.halooglasi.com/nekretnine/izdavanje-stanova/beograd-novi-beograd?page=28
    -> 20 novih URL-ova (ukupno: 560, kartica na str: 20)
  Listing str. 29: https://www.halooglasi.com/nekretnine/izdavanje-stanova/beograd-novi-beograd?page=29
    -> 20 novih URL-ova (ukupno: 580, kartica na str: 20)
  Listing str. 30: https://www.halooglasi.com/nekretnine/izdavanje-stanova/beograd-novi-beograd?page=30
    -> 20 novih URL-ova (ukupno: 600, kartica na str: 20)
  Listing str. 31: https://www.halooglasi.com/nekretnine/izdavanje-stanova/beograd-novi-beograd?page=31
    -> 20 novih URL-ova (ukupno: 620, kartica na str: 20)
  Listing str. 32: https://www.halooglasi.com/nekretnine/izdavanje-stanova/beograd-novi-beograd?page=32
    -> 20 novih URL-ova (ukupno: 640, kartica na str: 20)
  Listing str. 33: https://www.halooglasi.com/nekretnine/izdavanje-stanova/beograd-novi-beograd?page=33
    -> 20 novih URL-ova (ukupno: 660, kartica na str: 20)
  Listing str. 34: https://www.halooglasi.com/nekretnine/izdavanje-stanova/beograd-novi-beograd?page=34
    -> 20 novih URL-ova (ukupno: 680, kartica na str: 20)
  Listing str. 35: https://www.halooglasi.com/nekretnine/izdavanje-stanova/beograd-novi-beograd?page=35
    -> 20 novih URL-ova (ukupno: 700, kartica na str: 20)
  Listing str. 36: https://www.halooglasi.com/nekretnine/izdavanje-stanova/beograd-novi-beograd?page=36
    -> 20 novih URL-ova (ukupno: 720, kartica na str: 20)
  Listing str. 37: https://www.halooglasi.com/nekretnine/izdavanje-stanova/beograd-novi-beograd?page=37
    -> 20 novih URL-ova (ukupno: 740, kartica na str: 20)
  Listing str. 38: https://www.halooglasi.com/nekretnine/izdavanje-stanova/beograd-novi-beograd?page=38
    -> 20 novih URL-ova (ukupno: 760, kartica na str: 20)
  Listing str. 39: https://www.halooglasi.com/nekretnine/izdavanje-stanova/beograd-novi-beograd?page=39
    -> 20 novih URL-ova (ukupno: 780, kartica na str: 20)
  Listing str. 40: https://www.halooglasi.com/nekretnine/izdavanje-stanova/beograd-novi-beograd?page=40
    -> 20 novih URL-ova (ukupno: 800, kartica na str: 20)
  Listing str. 41: https://www.halooglasi.com/nekretnine/izdavanje-stanova/beograd-novi-beograd?page=41
    -> 20 novih URL-ova (ukupno: 820, kartica na str: 20)
  Listing str. 42: https://www.halooglasi.com/nekretnine/izdavanje-stanova/beograd-novi-beograd?page=42
    -> 20 novih URL-ova (ukupno: 840, kartica na str: 20)
  Listing str. 43: https://www.halooglasi.com/nekretnine/izdavanje-stanova/beograd-novi-beograd?page=43
    -> 20 novih URL-ova (ukupno: 860, kartica na str: 20)
  Listing str. 44: https://www.halooglasi.com/nekretnine/izdavanje-stanova/beograd-novi-beograd?page=44
    -> 8 novih URL-ova (ukupno: 868, kartica na str: 8)
  Listing str. 45: https://www.halooglasi.com/nekretnine/izdavanje-stanova/beograd-novi-beograd?page=45
    -> 0 novih URL-ova (ukupno: 868, kartica na str: 0)
  Nema vise kartica, stajem.

Ukupno URL-ova: 868 | Agencija pronađeno: 641

[Korak 2] Scrape-ujem 868 oglasa paralelno (8 threadova)...
  20/868 oglasa (10 relevantnih)...
  40/868 oglasa (20 relevantnih)...
  60/868 oglasa (26 relevantnih)...
  80/868 oglasa (37 relevantnih)...
  100/868 oglasa (45 relevantnih)...
  120/868 oglasa (55 relevantnih)...
  140/868 oglasa (63 relevantnih)...
  160/868 oglasa (74 relevantnih)...
  180/868 oglasa (82 relevantnih)...
  200/868 oglasa (86 relevantnih)...
  220/868 oglasa (91 relevantnih)...
  240/868 oglasa (95 relevantnih)...
  260/868 oglasa (102 relevantnih)...
  280/868 oglasa (108 relevantnih)...
  300/868 oglasa (113 relevantnih)...
  320/868 oglasa (121 relevantnih)...
  340/868 oglasa (129 relevantnih)...
  360/868 oglasa (134 relevantnih)...
  380/868 oglasa (138 relevantnih)...
  400/868 oglasa (142 relevantnih)...
  420/868 oglasa (151 relevantnih)...
  440/868 oglasa (162 relevantnih)...
  460/868 oglasa (167 relevantnih)...
  480/868 oglasa (173 relevantnih)...
  500/868 oglasa (180 relevantnih)...
  520/868 oglasa (186 relevantnih)...
  540/868 oglasa (191 relevantnih)...
  560/868 oglasa (198 relevantnih)...
  580/868 oglasa (203 relevantnih)...
  600/868 oglasa (208 relevantnih)...
  620/868 oglasa (215 relevantnih)...
  640/868 oglasa (221 relevantnih)...
  660/868 oglasa (227 relevantnih)...
  680/868 oglasa (234 relevantnih)...
  700/868 oglasa (241 relevantnih)...
  720/868 oglasa (252 relevantnih)...
  740/868 oglasa (260 relevantnih)...
  760/868 oglasa (267 relevantnih)...
  780/868 oglasa (271 relevantnih)...
  800/868 oglasa (278 relevantnih)...
  820/868 oglasa (284 relevantnih)...
  840/868 oglasa (289 relevantnih)...
  860/868 oglasa (294 relevantnih)...

Sacuvano: latest_halo_renta.json
URL-ova: 868 | Relevantnih: 294 | Unique: 214
Novi: 0 | Skinutih: 0
  Istorija azurirana: history_halo_renta.json
[3/4] Nekretnine.rs - Prodaja... 

=== NB Tracker - NRS [prodaja] ===

[Korak 1] Skupljam URL-ove oglasa...
  Listing str. 1: https://www.nekretnine.rs/prodaja-stanova/beograd/novi-beograd/
    -> 25 novih URL-ova (ukupno: 25)
  Listing str. 2: https://www.nekretnine.rs/prodaja-stanova/beograd/novi-beograd/?pag=2
    -> 25 novih URL-ova (ukupno: 50)
  Listing str. 3: https://www.nekretnine.rs/prodaja-stanova/beograd/novi-beograd/?pag=3
    -> 25 novih URL-ova (ukupno: 75)
  Listing str. 4: https://www.nekretnine.rs/prodaja-stanova/beograd/novi-beograd/?pag=4
    -> 25 novih URL-ova (ukupno: 100)
  Listing str. 5: https://www.nekretnine.rs/prodaja-stanova/beograd/novi-beograd/?pag=5
    -> 25 novih URL-ova (ukupno: 125)
  Listing str. 6: https://www.nekretnine.rs/prodaja-stanova/beograd/novi-beograd/?pag=6
    -> 25 novih URL-ova (ukupno: 150)
  Listing str. 7: https://www.nekretnine.rs/prodaja-stanova/beograd/novi-beograd/?pag=7
    -> 25 novih URL-ova (ukupno: 175)
  Listing str. 8: https://www.nekretnine.rs/prodaja-stanova/beograd/novi-beograd/?pag=8
    -> 25 novih URL-ova (ukupno: 200)
  Listing str. 9: https://www.nekretnine.rs/prodaja-stanova/beograd/novi-beograd/?pag=9
    -> 25 novih URL-ova (ukupno: 225)
  Listing str. 10: https://www.nekretnine.rs/prodaja-stanova/beograd/novi-beograd/?pag=10
    -> 25 novih URL-ova (ukupno: 250)
  Listing str. 11: https://www.nekretnine.rs/prodaja-stanova/beograd/novi-beograd/?pag=11
    -> 25 novih URL-ova (ukupno: 275)
  Listing str. 12: https://www.nekretnine.rs/prodaja-stanova/beograd/novi-beograd/?pag=12
    -> 25 novih URL-ova (ukupno: 300)
  Listing str. 13: https://www.nekretnine.rs/prodaja-stanova/beograd/novi-beograd/?pag=13
    -> 25 novih URL-ova (ukupno: 325)
  Listing str. 14: https://www.nekretnine.rs/prodaja-stanova/beograd/novi-beograd/?pag=14
    -> 25 novih URL-ova (ukupno: 350)
  Listing str. 15: https://www.nekretnine.rs/prodaja-stanova/beograd/novi-beograd/?pag=15
    -> 25 novih URL-ova (ukupno: 375)
  Listing str. 16: https://www.nekretnine.rs/prodaja-stanova/beograd/novi-beograd/?pag=16
    -> 25 novih URL-ova (ukupno: 400)
  Listing str. 17: https://www.nekretnine.rs/prodaja-stanova/beograd/novi-beograd/?pag=17
    -> 25 novih URL-ova (ukupno: 425)
  Listing str. 18: https://www.nekretnine.rs/prodaja-stanova/beograd/novi-beograd/?pag=18
    -> 25 novih URL-ova (ukupno: 450)
  Listing str. 19: https://www.nekretnine.rs/prodaja-stanova/beograd/novi-beograd/?pag=19
    -> 25 novih URL-ova (ukupno: 475)
  Listing str. 20: https://www.nekretnine.rs/prodaja-stanova/beograd/novi-beograd/?pag=20
    -> 25 novih URL-ova (ukupno: 500)
  Listing str. 21: https://www.nekretnine.rs/prodaja-stanova/beograd/novi-beograd/?pag=21
    -> 25 novih URL-ova (ukupno: 525)
  Listing str. 22: https://www.nekretnine.rs/prodaja-stanova/beograd/novi-beograd/?pag=22
    -> 25 novih URL-ova (ukupno: 550)
  Listing str. 23: https://www.nekretnine.rs/prodaja-stanova/beograd/novi-beograd/?pag=23
    -> 25 novih URL-ova (ukupno: 575)
  Listing str. 24: https://www.nekretnine.rs/prodaja-stanova/beograd/novi-beograd/?pag=24
    -> 25 novih URL-ova (ukupno: 600)
  Listing str. 25: https://www.nekretnine.rs/prodaja-stanova/beograd/novi-beograd/?pag=25
    -> 22 novih URL-ova (ukupno: 622)
  Nema vise listing stranica.

Ukupno URL-ova: 622

[Korak 2] Scrape-ujem 622 oglasa...
  10/622 oglasa (2 relevantnih)...
  20/622 oglasa (7 relevantnih)...
  30/622 oglasa (9 relevantnih)...
  40/622 oglasa (15 relevantnih)...
  50/622 oglasa (15 relevantnih)...
  60/622 oglasa (16 relevantnih)...
  70/622 oglasa (18 relevantnih)...
  80/622 oglasa (18 relevantnih)...
  90/622 oglasa (19 relevantnih)...
  100/622 oglasa (24 relevantnih)...
  110/622 oglasa (27 relevantnih)...
  120/622 oglasa (30 relevantnih)...
  130/622 oglasa (35 relevantnih)...
  140/622 oglasa (35 relevantnih)...
  150/622 oglasa (38 relevantnih)...
  160/622 oglasa (40 relevantnih)...
  170/622 oglasa (42 relevantnih)...
  180/622 oglasa (46 relevantnih)...
  190/622 oglasa (47 relevantnih)...
  200/622 oglasa (49 relevantnih)...
  210/622 oglasa (50 relevantnih)...
  220/622 oglasa (52 relevantnih)...
  230/622 oglasa (53 relevantnih)...
  240/622 oglasa (54 relevantnih)...
  250/622 oglasa (57 relevantnih)...
  260/622 oglasa (59 relevantnih)...
  270/622 oglasa (61 relevantnih)...
  280/622 oglasa (66 relevantnih)...
  290/622 oglasa (68 relevantnih)...
  300/622 oglasa (71 relevantnih)...
  310/622 oglasa (73 relevantnih)...
  320/622 oglasa (78 relevantnih)...
  330/622 oglasa (81 relevantnih)...
  340/622 oglasa (83 relevantnih)...
  350/622 oglasa (88 relevantnih)...
  360/622 oglasa (88 relevantnih)...
  370/622 oglasa (92 relevantnih)...
  380/622 oglasa (92 relevantnih)...
  390/622 oglasa (94 relevantnih)...
  400/622 oglasa (94 relevantnih)...
  410/622 oglasa (97 relevantnih)...
  420/622 oglasa (99 relevantnih)...
  430/622 oglasa (101 relevantnih)...
  440/622 oglasa (103 relevantnih)...
  450/622 oglasa (104 relevantnih)...
  460/622 oglasa (106 relevantnih)...
  470/622 oglasa (107 relevantnih)...
  480/622 oglasa (108 relevantnih)...
  490/622 oglasa (109 relevantnih)...
  500/622 oglasa (110 relevantnih)...
  510/622 oglasa (112 relevantnih)...
  520/622 oglasa (113 relevantnih)...
  530/622 oglasa (115 relevantnih)...
  540/622 oglasa (116 relevantnih)...
  550/622 oglasa (117 relevantnih)...
  560/622 oglasa (119 relevantnih)...
  570/622 oglasa (122 relevantnih)...
  580/622 oglasa (125 relevantnih)...
  590/622 oglasa (128 relevantnih)...
  600/622 oglasa (129 relevantnih)...
  610/622 oglasa (129 relevantnih)...
  620/622 oglasa (129 relevantnih)...

Sacuvano: latest_nrs_prodaja.json
Ukupno URL-ova: 622 | Relevantnih: 129 | Unique: 108
Novi: 1 | Skinutih: 1
  Istorija azurirana: history_nrs_prodaja.json
[4/4] Nekretnine.rs - Renta... 

=== NB Tracker - NRS [renta] ===

[Korak 1] Skupljam URL-ove oglasa...
  Listing str. 1: https://www.nekretnine.rs/izdavanje-stanova/beograd/novi-beograd/
    -> 25 novih URL-ova (ukupno: 25)
  Listing str. 2: https://www.nekretnine.rs/izdavanje-stanova/beograd/novi-beograd/?pag=2
    -> 25 novih URL-ova (ukupno: 50)
  Listing str. 3: https://www.nekretnine.rs/izdavanje-stanova/beograd/novi-beograd/?pag=3
    -> 25 novih URL-ova (ukupno: 75)
  Listing str. 4: https://www.nekretnine.rs/izdavanje-stanova/beograd/novi-beograd/?pag=4
    -> 25 novih URL-ova (ukupno: 100)
  Listing str. 5: https://www.nekretnine.rs/izdavanje-stanova/beograd/novi-beograd/?pag=5
    -> 25 novih URL-ova (ukupno: 125)
  Listing str. 6: https://www.nekretnine.rs/izdavanje-stanova/beograd/novi-beograd/?pag=6
    -> 25 novih URL-ova (ukupno: 150)
  Listing str. 7: https://www.nekretnine.rs/izdavanje-stanova/beograd/novi-beograd/?pag=7
    -> 25 novih URL-ova (ukupno: 175)
  Listing str. 8: https://www.nekretnine.rs/izdavanje-stanova/beograd/novi-beograd/?pag=8
    -> 25 novih URL-ova (ukupno: 200)
  Listing str. 9: https://www.nekretnine.rs/izdavanje-stanova/beograd/novi-beograd/?pag=9
    -> 25 novih URL-ova (ukupno: 225)
  Listing str. 10: https://www.nekretnine.rs/izdavanje-stanova/beograd/novi-beograd/?pag=10
    -> 25 novih URL-ova (ukupno: 250)
  Listing str. 11: https://www.nekretnine.rs/izdavanje-stanova/beograd/novi-beograd/?pag=11
    -> 25 novih URL-ova (ukupno: 275)
  Listing str. 12: https://www.nekretnine.rs/izdavanje-stanova/beograd/novi-beograd/?pag=12
    -> 25 novih URL-ova (ukupno: 300)
  Listing str. 13: https://www.nekretnine.rs/izdavanje-stanova/beograd/novi-beograd/?pag=13
    -> 25 novih URL-ova (ukupno: 325)
  Listing str. 14: https://www.nekretnine.rs/izdavanje-stanova/beograd/novi-beograd/?pag=14
    -> 25 novih URL-ova (ukupno: 350)
  Listing str. 15: https://www.nekretnine.rs/izdavanje-stanova/beograd/novi-beograd/?pag=15
    -> 25 novih URL-ova (ukupno: 375)
  Listing str. 16: https://www.nekretnine.rs/izdavanje-stanova/beograd/novi-beograd/?pag=16
    -> 25 novih URL-ova (ukupno: 400)
  Listing str. 17: https://www.nekretnine.rs/izdavanje-stanova/beograd/novi-beograd/?pag=17
    -> 25 novih URL-ova (ukupno: 425)
  Listing str. 18: https://www.nekretnine.rs/izdavanje-stanova/beograd/novi-beograd/?pag=18
    -> 25 novih URL-ova (ukupno: 450)
  Listing str. 19: https://www.nekretnine.rs/izdavanje-stanova/beograd/novi-beograd/?pag=19
    -> 25 novih URL-ova (ukupno: 475)
  Listing str. 20: https://www.nekretnine.rs/izdavanje-stanova/beograd/novi-beograd/?pag=20
    -> 25 novih URL-ova (ukupno: 500)
  Listing str. 21: https://www.nekretnine.rs/izdavanje-stanova/beograd/novi-beograd/?pag=21
    -> 25 novih URL-ova (ukupno: 525)
  Listing str. 22: https://www.nekretnine.rs/izdavanje-stanova/beograd/novi-beograd/?pag=22
    -> 25 novih URL-ova (ukupno: 550)
  Listing str. 23: https://www.nekretnine.rs/izdavanje-stanova/beograd/novi-beograd/?pag=23
    -> 25 novih URL-ova (ukupno: 575)
  Listing str. 24: https://www.nekretnine.rs/izdavanje-stanova/beograd/novi-beograd/?pag=24
    -> 25 novih URL-ova (ukupno: 600)
  Listing str. 25: https://www.nekretnine.rs/izdavanje-stanova/beograd/novi-beograd/?pag=25
    -> 19 novih URL-ova (ukupno: 619)
  Nema vise listing stranica.

Ukupno URL-ova: 619

[Korak 2] Scrape-ujem 619 oglasa...
  10/619 oglasa (3 relevantnih)...
  20/619 oglasa (10 relevantnih)...
  30/619 oglasa (15 relevantnih)...
  40/619 oglasa (21 relevantnih)...
  50/619 oglasa (22 relevantnih)...
  60/619 oglasa (27 relevantnih)...
  70/619 oglasa (30 relevantnih)...
  80/619 oglasa (38 relevantnih)...
  90/619 oglasa (42 relevantnih)...
  100/619 oglasa (48 relevantnih)...
  110/619 oglasa (50 relevantnih)...
  120/619 oglasa (53 relevantnih)...
  130/619 oglasa (57 relevantnih)...
  140/619 oglasa (59 relevantnih)...
  150/619 oglasa (61 relevantnih)...
  160/619 oglasa (66 relevantnih)...
  170/619 oglasa (68 relevantnih)...
  180/619 oglasa (70 relevantnih)...
  190/619 oglasa (77 relevantnih)...
  200/619 oglasa (80 relevantnih)...
  210/619 oglasa (84 relevantnih)...
  220/619 oglasa (88 relevantnih)...
  230/619 oglasa (91 relevantnih)...
  240/619 oglasa (93 relevantnih)...
  250/619 oglasa (96 relevantnih)...
  260/619 oglasa (101 relevantnih)...
  270/619 oglasa (102 relevantnih)...
  280/619 oglasa (104 relevantnih)...
  290/619 oglasa (107 relevantnih)...
  300/619 oglasa (112 relevantnih)...
  310/619 oglasa (116 relevantnih)...
  320/619 oglasa (119 relevantnih)...
  330/619 oglasa (123 relevantnih)...
  340/619 oglasa (125 relevantnih)...
  350/619 oglasa (125 relevantnih)...
  360/619 oglasa (128 relevantnih)...
  370/619 oglasa (132 relevantnih)...
  380/619 oglasa (133 relevantnih)...
  390/619 oglasa (137 relevantnih)...
  400/619 oglasa (140 relevantnih)...
  410/619 oglasa (144 relevantnih)...
  420/619 oglasa (148 relevantnih)...
  430/619 oglasa (153 relevantnih)...
  440/619 oglasa (155 relevantnih)...
  450/619 oglasa (156 relevantnih)...
  460/619 oglasa (158 relevantnih)...
  470/619 oglasa (161 relevantnih)...
  480/619 oglasa (165 relevantnih)...
  490/619 oglasa (167 relevantnih)...
  500/619 oglasa (168 relevantnih)...
  510/619 oglasa (170 relevantnih)...
  520/619 oglasa (174 relevantnih)...
  530/619 oglasa (177 relevantnih)...
  540/619 oglasa (180 relevantnih)...
  550/619 oglasa (184 relevantnih)...
  560/619 oglasa (189 relevantnih)...
  570/619 oglasa (196 relevantnih)...
  580/619 oglasa (202 relevantnih)...
  590/619 oglasa (206 relevantnih)...
  600/619 oglasa (210 relevantnih)...
  610/619 oglasa (211 relevantnih)...

Sacuvano: latest_nrs_renta.json
Ukupno URL-ova: 619 | Relevantnih: 212 | Unique: 151
Novi: 4 | Skinutih: 4
  Istorija azurirana: history_nrs_renta.json
[COMMIT] Svi scraperi uspeli, commitujem... 
[main 813b9cb] data: automatski scrape 04-Jul-26
 8 files changed, 1970 insertions(+), 2081 deletions(-)
error: cannot pull with rebase: You have unstaged changes.
error: Please commit or stash them.
To https://github.com/nikned-kadena/nb-tracker.git
 ! [rejected]        main -> main (fetch first)
error: failed to push some refs to 'https://github.com/nikned-kadena/nb-tracker.git'
hint: Updates were rejected because the remote contains work that you do not
hint: have locally. This is usually caused by another repository pushing to
hint: the same ref. If you want to integrate the remote changes, use
hint: 'git pull' before pushing again.
hint: See the 'Note about fast-forwards' in 'git push --help' for details.
[OK] Push uspesan. 
============================================ 
  Zavrseno OK  11:09:00.32 
============================================ 
